mode: set
github.com/maithuc2003/Test_GIN_golang/config/database.go:15.27,18.16 2 0
github.com/maithuc2003/Test_GIN_golang/config/database.go:18.16,20.3 1 0
github.com/maithuc2003/Test_GIN_golang/config/database.go:23.2,35.16 8 0
github.com/maithuc2003/Test_GIN_golang/config/database.go:35.16,37.3 1 0
github.com/maithuc2003/Test_GIN_golang/config/database.go:38.2,40.11 3 0
github.com/maithuc2003/Test_GIN_golang/internal/database/access.go:7.52,17.16 4 0
github.com/maithuc2003/Test_GIN_golang/internal/database/access.go:17.16,19.3 1 0
github.com/maithuc2003/Test_GIN_golang/internal/database/access.go:21.2,22.16 2 0
github.com/maithuc2003/Test_GIN_golang/internal/database/access.go:22.16,24.3 1 0
github.com/maithuc2003/Test_GIN_golang/internal/database/access.go:26.2,26.18 1 0
github.com/maithuc2003/Test_GIN_golang/main.go:8.13,12.2 3 0
github.com/maithuc2003/Test_GIN_golang/internal/mocks/service/mock_author_service.go:12.71,15.2 2 0
github.com/maithuc2003/Test_GIN_golang/internal/mocks/service/mock_author_service.go:17.75,20.2 2 0
github.com/maithuc2003/Test_GIN_golang/internal/mocks/service/mock_author_service.go:22.71,25.2 2 0
github.com/maithuc2003/Test_GIN_golang/internal/mocks/service/mock_author_service.go:27.72,30.2 2 0
github.com/maithuc2003/Test_GIN_golang/internal/mocks/service/mock_author_service.go:32.87,35.2 2 0
github.com/maithuc2003/Test_GIN_golang/internal/mocks/service/mock_book_service.go:12.63,15.2 2 0
github.com/maithuc2003/Test_GIN_golang/internal/mocks/service/mock_book_service.go:17.64,20.2 2 0
github.com/maithuc2003/Test_GIN_golang/internal/mocks/service/mock_book_service.go:22.69,25.2 2 0
github.com/maithuc2003/Test_GIN_golang/internal/mocks/service/mock_book_service.go:27.68,30.2 2 0
github.com/maithuc2003/Test_GIN_golang/internal/mocks/service/mock_book_service.go:32.79,35.2 2 0
github.com/maithuc2003/Test_GIN_golang/internal/mocks/service/mock_order_service.go:12.67,15.2 2 0
github.com/maithuc2003/Test_GIN_golang/internal/mocks/service/mock_order_service.go:17.68,20.2 2 0
github.com/maithuc2003/Test_GIN_golang/internal/mocks/service/mock_order_service.go:23.72,25.24 2 0
github.com/maithuc2003/Test_GIN_golang/internal/mocks/service/mock_order_service.go:25.24,27.3 1 0
github.com/maithuc2003/Test_GIN_golang/internal/mocks/service/mock_order_service.go:28.2,28.51 1 0
github.com/maithuc2003/Test_GIN_golang/internal/mocks/service/mock_order_service.go:31.75,33.24 2 0
github.com/maithuc2003/Test_GIN_golang/internal/mocks/service/mock_order_service.go:33.24,35.3 1 0
github.com/maithuc2003/Test_GIN_golang/internal/mocks/service/mock_order_service.go:36.2,36.27 1 0
github.com/maithuc2003/Test_GIN_golang/internal/mocks/service/mock_order_service.go:39.88,41.24 2 0
github.com/maithuc2003/Test_GIN_golang/internal/mocks/service/mock_order_service.go:41.24,43.3 1 0
github.com/maithuc2003/Test_GIN_golang/internal/mocks/service/mock_order_service.go:44.2,44.27 1 0
github.com/maithuc2003/Test_GIN_golang/internal/mocks/service/mock_user_service.go:12.80,16.2 3 0
github.com/maithuc2003/Test_GIN_golang/internal/mocks/service/mock_user_service.go:18.93,21.9 3 0
github.com/maithuc2003/Test_GIN_golang/internal/mocks/service/mock_user_service.go:21.9,23.3 1 0
github.com/maithuc2003/Test_GIN_golang/internal/mocks/service/mock_user_service.go:24.2,24.28 1 0
github.com/maithuc2003/Test_GIN_golang/internal/mocks/repositories/mock_author_repo.go:13.74,15.55 2 0
github.com/maithuc2003/Test_GIN_golang/internal/mocks/repositories/mock_author_repo.go:15.55,17.3 1 0
github.com/maithuc2003/Test_GIN_golang/internal/mocks/repositories/mock_author_repo.go:18.2,18.27 1 0
github.com/maithuc2003/Test_GIN_golang/internal/mocks/repositories/mock_author_repo.go:22.74,25.2 2 0
github.com/maithuc2003/Test_GIN_golang/internal/mocks/repositories/mock_author_repo.go:28.78,30.52 2 0
github.com/maithuc2003/Test_GIN_golang/internal/mocks/repositories/mock_author_repo.go:30.52,32.3 1 0
github.com/maithuc2003/Test_GIN_golang/internal/mocks/repositories/mock_author_repo.go:33.2,33.27 1 0
github.com/maithuc2003/Test_GIN_golang/internal/mocks/repositories/mock_author_repo.go:37.90,39.53 2 0
github.com/maithuc2003/Test_GIN_golang/internal/mocks/repositories/mock_author_repo.go:39.53,41.3 1 0
github.com/maithuc2003/Test_GIN_golang/internal/mocks/repositories/mock_author_repo.go:42.2,42.27 1 0
github.com/maithuc2003/Test_GIN_golang/internal/mocks/repositories/mock_author_repo.go:46.75,48.53 2 0
github.com/maithuc2003/Test_GIN_golang/internal/mocks/repositories/mock_author_repo.go:48.53,50.3 1 0
github.com/maithuc2003/Test_GIN_golang/internal/mocks/repositories/mock_author_repo.go:51.2,51.27 1 0
github.com/maithuc2003/Test_GIN_golang/internal/mocks/repositories/mock_book_repo.go:12.60,15.2 2 0
github.com/maithuc2003/Test_GIN_golang/internal/mocks/repositories/mock_book_repo.go:17.61,20.2 2 0
github.com/maithuc2003/Test_GIN_golang/internal/mocks/repositories/mock_book_repo.go:22.66,25.2 2 0
github.com/maithuc2003/Test_GIN_golang/internal/mocks/repositories/mock_book_repo.go:27.65,30.2 2 0
github.com/maithuc2003/Test_GIN_golang/internal/mocks/repositories/mock_book_repo.go:32.76,35.2 2 0
github.com/maithuc2003/Test_GIN_golang/internal/mocks/repositories/mock_order_repo.go:13.65,16.2 2 0
github.com/maithuc2003/Test_GIN_golang/internal/mocks/repositories/mock_order_repo.go:18.71,21.2 2 0
github.com/maithuc2003/Test_GIN_golang/internal/mocks/repositories/mock_order_repo.go:23.76,26.2 2 0
github.com/maithuc2003/Test_GIN_golang/internal/mocks/repositories/mock_order_repo.go:28.91,31.2 2 0
github.com/maithuc2003/Test_GIN_golang/internal/mocks/repositories/mock_order_repo.go:33.79,36.2 2 0
github.com/maithuc2003/Test_GIN_golang/internal/mocks/repositories/mock_user_repo.go:12.77,16.2 3 0
github.com/maithuc2003/Test_GIN_golang/internal/mocks/repositories/mock_user_repo.go:18.90,21.9 3 0
github.com/maithuc2003/Test_GIN_golang/internal/mocks/repositories/mock_user_repo.go:21.9,23.3 1 0
github.com/maithuc2003/Test_GIN_golang/internal/mocks/repositories/mock_user_repo.go:24.2,24.28 1 0
github.com/maithuc2003/Test_GIN_golang/internal/handler/order/order_handler.go:17.80,19.2 1 1
github.com/maithuc2003/Test_GIN_golang/internal/handler/order/order_handler.go:21.52,23.49 2 1
github.com/maithuc2003/Test_GIN_golang/internal/handler/order/order_handler.go:23.49,26.3 2 1
github.com/maithuc2003/Test_GIN_golang/internal/handler/order/order_handler.go:27.2,29.59 2 1
github.com/maithuc2003/Test_GIN_golang/internal/handler/order/order_handler.go:29.59,32.3 2 1
github.com/maithuc2003/Test_GIN_golang/internal/handler/order/order_handler.go:34.2,37.4 1 1
github.com/maithuc2003/Test_GIN_golang/internal/handler/order/order_handler.go:40.53,42.16 2 1
github.com/maithuc2003/Test_GIN_golang/internal/handler/order/order_handler.go:42.16,45.3 2 1
github.com/maithuc2003/Test_GIN_golang/internal/handler/order/order_handler.go:46.2,46.31 1 1
github.com/maithuc2003/Test_GIN_golang/internal/handler/order/order_handler.go:49.53,53.27 3 1
github.com/maithuc2003/Test_GIN_golang/internal/handler/order/order_handler.go:53.27,56.3 2 1
github.com/maithuc2003/Test_GIN_golang/internal/handler/order/order_handler.go:58.2,59.16 2 1
github.com/maithuc2003/Test_GIN_golang/internal/handler/order/order_handler.go:59.16,62.3 2 1
github.com/maithuc2003/Test_GIN_golang/internal/handler/order/order_handler.go:63.2,63.30 1 1
github.com/maithuc2003/Test_GIN_golang/internal/handler/order/order_handler.go:66.56,69.27 3 1
github.com/maithuc2003/Test_GIN_golang/internal/handler/order/order_handler.go:69.27,72.3 2 1
github.com/maithuc2003/Test_GIN_golang/internal/handler/order/order_handler.go:74.2,75.16 2 1
github.com/maithuc2003/Test_GIN_golang/internal/handler/order/order_handler.go:75.16,76.33 1 1
github.com/maithuc2003/Test_GIN_golang/internal/handler/order/order_handler.go:76.33,79.4 2 1
github.com/maithuc2003/Test_GIN_golang/internal/handler/order/order_handler.go:80.3,81.9 2 1
github.com/maithuc2003/Test_GIN_golang/internal/handler/order/order_handler.go:84.2,84.18 1 1
github.com/maithuc2003/Test_GIN_golang/internal/handler/order/order_handler.go:84.18,87.3 2 1
github.com/maithuc2003/Test_GIN_golang/internal/handler/order/order_handler.go:89.2,89.30 1 1
github.com/maithuc2003/Test_GIN_golang/internal/handler/order/order_handler.go:92.56,96.27 3 1
github.com/maithuc2003/Test_GIN_golang/internal/handler/order/order_handler.go:96.27,99.3 2 1
github.com/maithuc2003/Test_GIN_golang/internal/handler/order/order_handler.go:101.2,102.55 2 1
github.com/maithuc2003/Test_GIN_golang/internal/handler/order/order_handler.go:102.55,105.3 2 1
github.com/maithuc2003/Test_GIN_golang/internal/handler/order/order_handler.go:107.2,111.16 4 1
github.com/maithuc2003/Test_GIN_golang/internal/handler/order/order_handler.go:111.16,114.3 2 1
github.com/maithuc2003/Test_GIN_golang/internal/handler/order/order_handler.go:116.2,116.30 1 1
github.com/maithuc2003/Test_GIN_golang/internal/handler/author/author_handler.go:17.84,19.2 1 1
github.com/maithuc2003/Test_GIN_golang/internal/handler/author/author_handler.go:22.55,24.16 2 1
github.com/maithuc2003/Test_GIN_golang/internal/handler/author/author_handler.go:24.16,27.3 2 1
github.com/maithuc2003/Test_GIN_golang/internal/handler/author/author_handler.go:28.2,28.32 1 1
github.com/maithuc2003/Test_GIN_golang/internal/handler/author/author_handler.go:32.55,34.16 2 1
github.com/maithuc2003/Test_GIN_golang/internal/handler/author/author_handler.go:34.16,37.3 2 1
github.com/maithuc2003/Test_GIN_golang/internal/handler/author/author_handler.go:39.2,40.16 2 1
github.com/maithuc2003/Test_GIN_golang/internal/handler/author/author_handler.go:40.16,43.3 2 1
github.com/maithuc2003/Test_GIN_golang/internal/handler/author/author_handler.go:44.2,44.31 1 1
github.com/maithuc2003/Test_GIN_golang/internal/handler/author/author_handler.go:48.54,50.50 2 1
github.com/maithuc2003/Test_GIN_golang/internal/handler/author/author_handler.go:50.50,53.3 2 1
github.com/maithuc2003/Test_GIN_golang/internal/handler/author/author_handler.go:54.2,56.62 2 1
github.com/maithuc2003/Test_GIN_golang/internal/handler/author/author_handler.go:56.62,59.3 2 1
github.com/maithuc2003/Test_GIN_golang/internal/handler/author/author_handler.go:60.2,60.36 1 1
github.com/maithuc2003/Test_GIN_golang/internal/handler/author/author_handler.go:64.52,66.16 2 1
github.com/maithuc2003/Test_GIN_golang/internal/handler/author/author_handler.go:66.16,69.3 2 1
github.com/maithuc2003/Test_GIN_golang/internal/handler/author/author_handler.go:71.2,72.16 2 1
github.com/maithuc2003/Test_GIN_golang/internal/handler/author/author_handler.go:72.16,75.3 2 1
github.com/maithuc2003/Test_GIN_golang/internal/handler/author/author_handler.go:76.2,76.31 1 1
github.com/maithuc2003/Test_GIN_golang/internal/handler/author/author_handler.go:80.52,82.16 2 1
github.com/maithuc2003/Test_GIN_golang/internal/handler/author/author_handler.go:82.16,85.3 2 1
github.com/maithuc2003/Test_GIN_golang/internal/handler/author/author_handler.go:87.2,88.50 2 1
github.com/maithuc2003/Test_GIN_golang/internal/handler/author/author_handler.go:88.50,91.3 2 1
github.com/maithuc2003/Test_GIN_golang/internal/handler/author/author_handler.go:92.2,96.16 4 1
github.com/maithuc2003/Test_GIN_golang/internal/handler/author/author_handler.go:96.16,99.3 2 1
github.com/maithuc2003/Test_GIN_golang/internal/handler/author/author_handler.go:100.2,100.38 1 1
github.com/maithuc2003/Test_GIN_golang/internal/handler/user/user_handler.go:14.76,17.66 1 1
github.com/maithuc2003/Test_GIN_golang/internal/handler/user/user_handler.go:17.66,19.4 1 1
github.com/maithuc2003/Test_GIN_golang/internal/handler/user/user_handler.go:23.53,26.20 2 1
github.com/maithuc2003/Test_GIN_golang/internal/handler/user/user_handler.go:26.20,29.3 2 1
github.com/maithuc2003/Test_GIN_golang/internal/handler/user/user_handler.go:30.2,31.16 2 1
github.com/maithuc2003/Test_GIN_golang/internal/handler/user/user_handler.go:31.16,34.3 2 1
github.com/maithuc2003/Test_GIN_golang/internal/handler/user/user_handler.go:36.2,39.4 1 1
github.com/maithuc2003/Test_GIN_golang/internal/handler/user/user_handler.go:43.49,48.47 2 1
github.com/maithuc2003/Test_GIN_golang/internal/handler/user/user_handler.go:48.47,51.3 2 1
github.com/maithuc2003/Test_GIN_golang/internal/handler/user/user_handler.go:53.2,54.16 2 1
github.com/maithuc2003/Test_GIN_golang/internal/handler/user/user_handler.go:54.16,57.3 2 1
github.com/maithuc2003/Test_GIN_golang/internal/handler/user/user_handler.go:59.2,60.16 2 1
github.com/maithuc2003/Test_GIN_golang/internal/handler/user/user_handler.go:60.16,63.3 2 1
github.com/maithuc2003/Test_GIN_golang/internal/handler/user/user_handler.go:65.2,69.4 1 1
github.com/maithuc2003/Test_GIN_golang/internal/handler/book/book_handler.go:18.76,20.2 1 1
github.com/maithuc2003/Test_GIN_golang/internal/handler/book/book_handler.go:23.57,26.48 2 1
github.com/maithuc2003/Test_GIN_golang/internal/handler/book/book_handler.go:26.48,29.3 2 1
github.com/maithuc2003/Test_GIN_golang/internal/handler/book/book_handler.go:30.2,31.16 2 1
github.com/maithuc2003/Test_GIN_golang/internal/handler/book/book_handler.go:31.16,33.3 1 1
github.com/maithuc2003/Test_GIN_golang/internal/handler/book/book_handler.go:34.2,34.34 1 1
github.com/maithuc2003/Test_GIN_golang/internal/handler/book/book_handler.go:38.58,40.16 2 1
github.com/maithuc2003/Test_GIN_golang/internal/handler/book/book_handler.go:40.16,43.3 2 1
github.com/maithuc2003/Test_GIN_golang/internal/handler/book/book_handler.go:45.2,45.38 1 1
github.com/maithuc2003/Test_GIN_golang/internal/handler/book/book_handler.go:50.51,52.16 2 1
github.com/maithuc2003/Test_GIN_golang/internal/handler/book/book_handler.go:52.16,55.3 2 1
github.com/maithuc2003/Test_GIN_golang/internal/handler/book/book_handler.go:57.2,58.16 2 1
github.com/maithuc2003/Test_GIN_golang/internal/handler/book/book_handler.go:58.16,61.3 2 1
github.com/maithuc2003/Test_GIN_golang/internal/handler/book/book_handler.go:62.2,62.29 1 1
github.com/maithuc2003/Test_GIN_golang/internal/handler/book/book_handler.go:66.50,68.16 2 1
github.com/maithuc2003/Test_GIN_golang/internal/handler/book/book_handler.go:68.16,71.3 2 1
github.com/maithuc2003/Test_GIN_golang/internal/handler/book/book_handler.go:73.2,74.16 2 1
github.com/maithuc2003/Test_GIN_golang/internal/handler/book/book_handler.go:74.16,77.3 2 1
github.com/maithuc2003/Test_GIN_golang/internal/handler/book/book_handler.go:78.2,78.29 1 1
github.com/maithuc2003/Test_GIN_golang/internal/handler/book/book_handler.go:82.50,84.16 2 1
github.com/maithuc2003/Test_GIN_golang/internal/handler/book/book_handler.go:84.16,87.3 2 1
github.com/maithuc2003/Test_GIN_golang/internal/handler/book/book_handler.go:89.2,90.54 2 1
github.com/maithuc2003/Test_GIN_golang/internal/handler/book/book_handler.go:90.54,93.3 2 1
github.com/maithuc2003/Test_GIN_golang/internal/handler/book/book_handler.go:95.2,99.16 4 1
github.com/maithuc2003/Test_GIN_golang/internal/handler/book/book_handler.go:99.16,102.3 2 1
github.com/maithuc2003/Test_GIN_golang/internal/handler/book/book_handler.go:103.2,103.29 1 1
github.com/maithuc2003/Test_GIN_golang/internal/repositories/book/book_repo.go:17.61,19.2 1 1
github.com/maithuc2003/Test_GIN_golang/internal/repositories/book/book_repo.go:21.56,23.2 1 1
github.com/maithuc2003/Test_GIN_golang/internal/repositories/book/book_repo.go:25.57,29.2 3 1
github.com/maithuc2003/Test_GIN_golang/internal/repositories/book/book_repo.go:32.62,34.52 2 1
github.com/maithuc2003/Test_GIN_golang/internal/repositories/book/book_repo.go:34.52,35.36 1 1
github.com/maithuc2003/Test_GIN_golang/internal/repositories/book/book_repo.go:35.36,37.4 1 1
github.com/maithuc2003/Test_GIN_golang/internal/repositories/book/book_repo.go:38.3,38.18 1 1
github.com/maithuc2003/Test_GIN_golang/internal/repositories/book/book_repo.go:40.2,40.19 1 1
github.com/maithuc2003/Test_GIN_golang/internal/repositories/book/book_repo.go:44.61,46.16 2 1
github.com/maithuc2003/Test_GIN_golang/internal/repositories/book/book_repo.go:46.16,48.3 1 1
github.com/maithuc2003/Test_GIN_golang/internal/repositories/book/book_repo.go:50.2,50.62 1 1
github.com/maithuc2003/Test_GIN_golang/internal/repositories/book/book_repo.go:50.62,52.3 1 1
github.com/maithuc2003/Test_GIN_golang/internal/repositories/book/book_repo.go:53.2,53.18 1 1
github.com/maithuc2003/Test_GIN_golang/internal/repositories/book/book_repo.go:59.72,62.104 2 1
github.com/maithuc2003/Test_GIN_golang/internal/repositories/book/book_repo.go:62.104,64.3 1 0
github.com/maithuc2003/Test_GIN_golang/internal/repositories/book/book_repo.go:65.2,65.16 1 1
github.com/maithuc2003/Test_GIN_golang/internal/repositories/book/book_repo.go:65.16,67.3 1 1
github.com/maithuc2003/Test_GIN_golang/internal/repositories/book/book_repo.go:69.2,75.25 2 1
github.com/maithuc2003/Test_GIN_golang/internal/repositories/book/book_repo.go:75.25,77.3 1 1
github.com/maithuc2003/Test_GIN_golang/internal/repositories/book/book_repo.go:78.2,78.30 1 1
github.com/maithuc2003/Test_GIN_golang/internal/repositories/book/book_repo.go:78.30,80.3 1 1
github.com/maithuc2003/Test_GIN_golang/internal/repositories/book/book_repo.go:82.2,82.18 1 1
github.com/maithuc2003/Test_GIN_golang/internal/middleware/auth.go:12.39,13.30 1 1
github.com/maithuc2003/Test_GIN_golang/internal/middleware/auth.go:13.30,15.68 2 1
github.com/maithuc2003/Test_GIN_golang/internal/middleware/auth.go:15.68,19.4 3 1
github.com/maithuc2003/Test_GIN_golang/internal/middleware/auth.go:22.3,25.80 2 1
github.com/maithuc2003/Test_GIN_golang/internal/middleware/auth.go:25.80,26.55 1 1
github.com/maithuc2003/Test_GIN_golang/internal/middleware/auth.go:26.55,28.5 1 1
github.com/maithuc2003/Test_GIN_golang/internal/middleware/auth.go:29.4,29.35 1 1
github.com/maithuc2003/Test_GIN_golang/internal/middleware/auth.go:32.3,32.33 1 1
github.com/maithuc2003/Test_GIN_golang/internal/middleware/auth.go:32.33,36.4 3 1
github.com/maithuc2003/Test_GIN_golang/internal/middleware/auth.go:39.3,39.53 1 1
github.com/maithuc2003/Test_GIN_golang/internal/middleware/auth.go:39.53,40.53 1 1
github.com/maithuc2003/Test_GIN_golang/internal/middleware/auth.go:40.53,42.5 1 1
github.com/maithuc2003/Test_GIN_golang/internal/middleware/auth.go:43.4,43.55 1 1
github.com/maithuc2003/Test_GIN_golang/internal/middleware/auth.go:43.55,45.5 1 1
github.com/maithuc2003/Test_GIN_golang/internal/middleware/auth.go:46.4,46.46 1 1
github.com/maithuc2003/Test_GIN_golang/internal/middleware/auth.go:46.46,48.24 2 1
github.com/maithuc2003/Test_GIN_golang/internal/middleware/auth.go:48.24,52.6 3 1
github.com/maithuc2003/Test_GIN_golang/internal/middleware/auth.go:56.3,56.11 1 1
github.com/maithuc2003/Test_GIN_golang/internal/middleware/rbac.go:10.56,11.30 1 0
github.com/maithuc2003/Test_GIN_golang/internal/middleware/rbac.go:11.30,13.14 2 0
github.com/maithuc2003/Test_GIN_golang/internal/middleware/rbac.go:13.14,17.4 3 0
github.com/maithuc2003/Test_GIN_golang/internal/middleware/rbac.go:19.3,19.52 1 0
github.com/maithuc2003/Test_GIN_golang/internal/middleware/rbac.go:19.52,23.4 3 0
github.com/maithuc2003/Test_GIN_golang/internal/middleware/rbac.go:24.3,24.11 1 0
github.com/maithuc2003/Test_GIN_golang/internal/routes/author.go:14.55,32.2 5 0
github.com/maithuc2003/Test_GIN_golang/internal/routes/author.go:32.2,35.3 2 0
github.com/maithuc2003/Test_GIN_golang/internal/routes/author.go:38.2,39.2 2 0
github.com/maithuc2003/Test_GIN_golang/internal/routes/author.go:39.2,43.3 3 0
github.com/maithuc2003/Test_GIN_golang/internal/routes/book.go:14.53,21.2 5 0
github.com/maithuc2003/Test_GIN_golang/internal/routes/book.go:21.2,24.3 2 0
github.com/maithuc2003/Test_GIN_golang/internal/routes/book.go:27.2,28.2 2 0
github.com/maithuc2003/Test_GIN_golang/internal/routes/book.go:28.2,32.3 3 0
github.com/maithuc2003/Test_GIN_golang/internal/routes/order.go:14.54,20.2 5 0
github.com/maithuc2003/Test_GIN_golang/internal/routes/order.go:20.2,23.3 2 0
github.com/maithuc2003/Test_GIN_golang/internal/routes/order.go:26.2,27.2 2 0
github.com/maithuc2003/Test_GIN_golang/internal/routes/order.go:27.2,31.3 3 0
github.com/maithuc2003/Test_GIN_golang/internal/routes/routes.go:8.43,16.2 6 0
github.com/maithuc2003/Test_GIN_golang/internal/routes/user.go:13.53,20.2 5 0
github.com/maithuc2003/Test_GIN_golang/internal/repositories/user/user_repo.go:13.61,15.2 1 1
github.com/maithuc2003/Test_GIN_golang/internal/repositories/user/user_repo.go:17.73,19.81 2 1
github.com/maithuc2003/Test_GIN_golang/internal/repositories/user/user_repo.go:19.81,21.3 1 1
github.com/maithuc2003/Test_GIN_golang/internal/repositories/user/user_repo.go:22.2,22.19 1 1
github.com/maithuc2003/Test_GIN_golang/internal/repositories/user/user_repo.go:25.86,27.80 2 1
github.com/maithuc2003/Test_GIN_golang/internal/repositories/user/user_repo.go:27.80,29.3 1 1
github.com/maithuc2003/Test_GIN_golang/internal/repositories/user/user_repo.go:30.2,30.19 1 1
github.com/maithuc2003/Test_GIN_golang/internal/service/author/author_service.go:16.85,18.2 1 1
github.com/maithuc2003/Test_GIN_golang/internal/service/author/author_service.go:20.67,21.19 1 1
github.com/maithuc2003/Test_GIN_golang/internal/service/author/author_service.go:21.19,23.3 1 1
github.com/maithuc2003/Test_GIN_golang/internal/service/author/author_service.go:24.2,24.42 1 1
github.com/maithuc2003/Test_GIN_golang/internal/service/author/author_service.go:24.42,26.3 1 1
github.com/maithuc2003/Test_GIN_golang/internal/service/author/author_service.go:27.2,29.16 2 1
github.com/maithuc2003/Test_GIN_golang/internal/service/author/author_service.go:29.16,31.3 1 1
github.com/maithuc2003/Test_GIN_golang/internal/service/author/author_service.go:32.2,32.43 1 1
github.com/maithuc2003/Test_GIN_golang/internal/service/author/author_service.go:32.43,33.52 1 1
github.com/maithuc2003/Test_GIN_golang/internal/service/author/author_service.go:33.52,35.4 1 1
github.com/maithuc2003/Test_GIN_golang/internal/service/author/author_service.go:37.2,38.16 2 1
github.com/maithuc2003/Test_GIN_golang/internal/service/author/author_service.go:38.16,40.3 1 1
github.com/maithuc2003/Test_GIN_golang/internal/service/author/author_service.go:41.2,41.12 1 1
github.com/maithuc2003/Test_GIN_golang/internal/service/author/author_service.go:44.67,46.16 2 1
github.com/maithuc2003/Test_GIN_golang/internal/service/author/author_service.go:46.16,48.3 1 1
github.com/maithuc2003/Test_GIN_golang/internal/service/author/author_service.go:49.2,49.23 1 1
github.com/maithuc2003/Test_GIN_golang/internal/service/author/author_service.go:49.23,51.3 1 1
github.com/maithuc2003/Test_GIN_golang/internal/service/author/author_service.go:52.2,52.21 1 1
github.com/maithuc2003/Test_GIN_golang/internal/service/author/author_service.go:55.71,56.13 1 1
github.com/maithuc2003/Test_GIN_golang/internal/service/author/author_service.go:56.13,58.3 1 1
github.com/maithuc2003/Test_GIN_golang/internal/service/author/author_service.go:59.2,60.16 2 1
github.com/maithuc2003/Test_GIN_golang/internal/service/author/author_service.go:60.16,62.3 1 1
github.com/maithuc2003/Test_GIN_golang/internal/service/author/author_service.go:63.2,63.19 1 1
github.com/maithuc2003/Test_GIN_golang/internal/service/author/author_service.go:63.19,65.3 1 1
github.com/maithuc2003/Test_GIN_golang/internal/service/author/author_service.go:66.2,66.20 1 1
github.com/maithuc2003/Test_GIN_golang/internal/service/author/author_service.go:69.68,70.13 1 1
github.com/maithuc2003/Test_GIN_golang/internal/service/author/author_service.go:70.13,72.3 1 1
github.com/maithuc2003/Test_GIN_golang/internal/service/author/author_service.go:74.2,75.16 2 1
github.com/maithuc2003/Test_GIN_golang/internal/service/author/author_service.go:75.16,77.3 1 1
github.com/maithuc2003/Test_GIN_golang/internal/service/author/author_service.go:78.2,78.26 1 1
github.com/maithuc2003/Test_GIN_golang/internal/service/author/author_service.go:78.26,80.3 1 1
github.com/maithuc2003/Test_GIN_golang/internal/service/author/author_service.go:81.2,81.27 1 1
github.com/maithuc2003/Test_GIN_golang/internal/service/author/author_service.go:84.83,85.19 1 1
github.com/maithuc2003/Test_GIN_golang/internal/service/author/author_service.go:85.19,87.3 1 1
github.com/maithuc2003/Test_GIN_golang/internal/service/author/author_service.go:89.2,89.20 1 1
github.com/maithuc2003/Test_GIN_golang/internal/service/author/author_service.go:89.20,91.3 1 1
github.com/maithuc2003/Test_GIN_golang/internal/service/author/author_service.go:93.2,93.42 1 1
github.com/maithuc2003/Test_GIN_golang/internal/service/author/author_service.go:93.42,95.3 1 1
github.com/maithuc2003/Test_GIN_golang/internal/service/author/author_service.go:97.2,98.16 2 1
github.com/maithuc2003/Test_GIN_golang/internal/service/author/author_service.go:98.16,100.3 1 1
github.com/maithuc2003/Test_GIN_golang/internal/service/author/author_service.go:101.2,101.22 1 1
github.com/maithuc2003/Test_GIN_golang/internal/service/author/author_service.go:101.22,103.3 1 1
github.com/maithuc2003/Test_GIN_golang/internal/service/author/author_service.go:105.2,106.16 2 1
github.com/maithuc2003/Test_GIN_golang/internal/service/author/author_service.go:106.16,108.3 1 1
github.com/maithuc2003/Test_GIN_golang/internal/service/author/author_service.go:110.2,110.28 1 1
github.com/maithuc2003/Test_GIN_golang/internal/service/author/author_service.go:110.28,112.66 1 1
github.com/maithuc2003/Test_GIN_golang/internal/service/author/author_service.go:112.66,114.4 1 1
github.com/maithuc2003/Test_GIN_golang/internal/service/author/author_service.go:118.2,119.16 2 1
github.com/maithuc2003/Test_GIN_golang/internal/service/author/author_service.go:119.16,121.3 1 1
github.com/maithuc2003/Test_GIN_golang/internal/service/author/author_service.go:122.2,122.26 1 1
github.com/maithuc2003/Test_GIN_golang/internal/service/book/book_service.go:16.72,19.2 1 1
github.com/maithuc2003/Test_GIN_golang/internal/service/book/book_service.go:21.59,22.44 1 1
github.com/maithuc2003/Test_GIN_golang/internal/service/book/book_service.go:22.44,24.3 1 1
github.com/maithuc2003/Test_GIN_golang/internal/service/book/book_service.go:25.2,27.36 3 1
github.com/maithuc2003/Test_GIN_golang/internal/service/book/book_service.go:30.60,32.16 2 1
github.com/maithuc2003/Test_GIN_golang/internal/service/book/book_service.go:32.16,34.3 1 1
github.com/maithuc2003/Test_GIN_golang/internal/service/book/book_service.go:36.2,36.21 1 1
github.com/maithuc2003/Test_GIN_golang/internal/service/book/book_service.go:36.21,38.3 1 1
github.com/maithuc2003/Test_GIN_golang/internal/service/book/book_service.go:40.2,40.19 1 1
github.com/maithuc2003/Test_GIN_golang/internal/service/book/book_service.go:42.65,43.13 1 1
github.com/maithuc2003/Test_GIN_golang/internal/service/book/book_service.go:43.13,45.3 1 1
github.com/maithuc2003/Test_GIN_golang/internal/service/book/book_service.go:46.2,46.35 1 1
github.com/maithuc2003/Test_GIN_golang/internal/service/book/book_service.go:49.64,50.13 1 1
github.com/maithuc2003/Test_GIN_golang/internal/service/book/book_service.go:50.13,52.3 1 1
github.com/maithuc2003/Test_GIN_golang/internal/service/book/book_service.go:53.2,53.34 1 1
github.com/maithuc2003/Test_GIN_golang/internal/service/book/book_service.go:56.75,57.17 1 1
github.com/maithuc2003/Test_GIN_golang/internal/service/book/book_service.go:57.17,59.3 1 1
github.com/maithuc2003/Test_GIN_golang/internal/service/book/book_service.go:60.2,60.18 1 1
github.com/maithuc2003/Test_GIN_golang/internal/service/book/book_service.go:60.18,62.3 1 1
github.com/maithuc2003/Test_GIN_golang/internal/service/book/book_service.go:63.2,63.41 1 1
github.com/maithuc2003/Test_GIN_golang/internal/service/book/book_service.go:63.41,65.3 1 1
github.com/maithuc2003/Test_GIN_golang/internal/service/book/book_service.go:66.2,66.24 1 1
github.com/maithuc2003/Test_GIN_golang/internal/service/book/book_service.go:66.24,68.3 1 1
github.com/maithuc2003/Test_GIN_golang/internal/service/book/book_service.go:69.2,69.20 1 1
github.com/maithuc2003/Test_GIN_golang/internal/service/book/book_service.go:69.20,71.3 1 1
github.com/maithuc2003/Test_GIN_golang/internal/service/book/book_service.go:73.2,73.36 1 1
github.com/maithuc2003/Test_GIN_golang/internal/service/order/order_service.go:16.80,18.2 1 1
github.com/maithuc2003/Test_GIN_golang/internal/service/order/order_service.go:21.63,22.18 1 1
github.com/maithuc2003/Test_GIN_golang/internal/service/order/order_service.go:22.18,24.3 1 1
github.com/maithuc2003/Test_GIN_golang/internal/service/order/order_service.go:25.2,25.23 1 1
github.com/maithuc2003/Test_GIN_golang/internal/service/order/order_service.go:25.23,27.3 1 1
github.com/maithuc2003/Test_GIN_golang/internal/service/order/order_service.go:28.2,28.23 1 1
github.com/maithuc2003/Test_GIN_golang/internal/service/order/order_service.go:28.23,30.3 1 1
github.com/maithuc2003/Test_GIN_golang/internal/service/order/order_service.go:31.2,31.25 1 1
github.com/maithuc2003/Test_GIN_golang/internal/service/order/order_service.go:31.25,33.3 1 1
github.com/maithuc2003/Test_GIN_golang/internal/service/order/order_service.go:34.2,34.43 1 1
github.com/maithuc2003/Test_GIN_golang/internal/service/order/order_service.go:34.43,36.3 1 1
github.com/maithuc2003/Test_GIN_golang/internal/service/order/order_service.go:38.2,41.29 3 1
github.com/maithuc2003/Test_GIN_golang/internal/service/order/order_service.go:45.64,47.16 2 1
github.com/maithuc2003/Test_GIN_golang/internal/service/order/order_service.go:47.16,49.3 1 1
github.com/maithuc2003/Test_GIN_golang/internal/service/order/order_service.go:50.2,50.22 1 1
github.com/maithuc2003/Test_GIN_golang/internal/service/order/order_service.go:50.22,52.3 1 1
github.com/maithuc2003/Test_GIN_golang/internal/service/order/order_service.go:53.2,53.20 1 1
github.com/maithuc2003/Test_GIN_golang/internal/service/order/order_service.go:55.68,56.13 1 1
github.com/maithuc2003/Test_GIN_golang/internal/service/order/order_service.go:56.13,58.3 1 1
github.com/maithuc2003/Test_GIN_golang/internal/service/order/order_service.go:59.2,59.38 1 1
github.com/maithuc2003/Test_GIN_golang/internal/service/order/order_service.go:62.71,63.13 1 1
github.com/maithuc2003/Test_GIN_golang/internal/service/order/order_service.go:63.13,65.3 1 1
github.com/maithuc2003/Test_GIN_golang/internal/service/order/order_service.go:66.2,66.41 1 1
github.com/maithuc2003/Test_GIN_golang/internal/service/order/order_service.go:70.84,71.18 1 1
github.com/maithuc2003/Test_GIN_golang/internal/service/order/order_service.go:71.18,73.3 1 1
github.com/maithuc2003/Test_GIN_golang/internal/service/order/order_service.go:74.2,74.19 1 1
github.com/maithuc2003/Test_GIN_golang/internal/service/order/order_service.go:74.19,76.3 1 1
github.com/maithuc2003/Test_GIN_golang/internal/service/order/order_service.go:77.2,77.23 1 1
github.com/maithuc2003/Test_GIN_golang/internal/service/order/order_service.go:77.23,79.3 1 1
github.com/maithuc2003/Test_GIN_golang/internal/service/order/order_service.go:80.2,80.23 1 1
github.com/maithuc2003/Test_GIN_golang/internal/service/order/order_service.go:80.23,82.3 1 1
github.com/maithuc2003/Test_GIN_golang/internal/service/order/order_service.go:83.2,83.25 1 1
github.com/maithuc2003/Test_GIN_golang/internal/service/order/order_service.go:83.25,85.3 1 1
github.com/maithuc2003/Test_GIN_golang/internal/service/order/order_service.go:86.2,86.43 1 1
github.com/maithuc2003/Test_GIN_golang/internal/service/order/order_service.go:86.43,88.3 1 1
github.com/maithuc2003/Test_GIN_golang/internal/service/order/order_service.go:90.2,92.38 2 1
github.com/maithuc2003/Test_GIN_golang/pkg/jwt/jwtutil.go:10.31,12.18 2 1
github.com/maithuc2003/Test_GIN_golang/pkg/jwt/jwtutil.go:12.18,15.3 1 1
github.com/maithuc2003/Test_GIN_golang/pkg/jwt/jwtutil.go:16.2,16.23 1 1
github.com/maithuc2003/Test_GIN_golang/pkg/jwt/jwtutil.go:19.25,21.2 1 1
github.com/maithuc2003/Test_GIN_golang/pkg/jwt/jwtutil.go:22.64,30.2 3 1
github.com/maithuc2003/Test_GIN_golang/internal/service/user/user_service.go:15.72,17.2 1 1
github.com/maithuc2003/Test_GIN_golang/internal/service/user/user_service.go:19.76,21.20 1 1
github.com/maithuc2003/Test_GIN_golang/internal/service/user/user_service.go:21.20,23.3 1 1
github.com/maithuc2003/Test_GIN_golang/internal/service/user/user_service.go:25.2,26.16 2 1
github.com/maithuc2003/Test_GIN_golang/internal/service/user/user_service.go:26.16,28.3 1 1
github.com/maithuc2003/Test_GIN_golang/internal/service/user/user_service.go:30.2,30.18 1 1
github.com/maithuc2003/Test_GIN_golang/internal/service/user/user_service.go:33.82,35.16 2 1
github.com/maithuc2003/Test_GIN_golang/internal/service/user/user_service.go:35.16,37.3 1 1
github.com/maithuc2003/Test_GIN_golang/internal/service/user/user_service.go:42.2,44.16 2 1
github.com/maithuc2003/Test_GIN_golang/internal/service/user/user_service.go:44.16,46.3 1 1
github.com/maithuc2003/Test_GIN_golang/internal/service/user/user_service.go:48.2,48.18 1 1
