mode: set
github.com/maithuc2003/Test_GIN_golang/main.go:8.13,12.2 3 0
github.com/maithuc2003/Test_GIN_golang/config/database.go:15.27,18.16 2 0
github.com/maithuc2003/Test_GIN_golang/config/database.go:18.16,20.3 1 0
github.com/maithuc2003/Test_GIN_golang/config/database.go:23.2,35.16 8 0
github.com/maithuc2003/Test_GIN_golang/config/database.go:35.16,37.3 1 0
github.com/maithuc2003/Test_GIN_golang/config/database.go:38.2,40.11 3 0
github.com/maithuc2003/Test_GIN_golang/internal/handler/user/mocks/mock_user_service.go:12.80,16.2 3 0
github.com/maithuc2003/Test_GIN_golang/internal/handler/user/mocks/mock_user_service.go:18.93,21.9 3 0
github.com/maithuc2003/Test_GIN_golang/internal/handler/user/mocks/mock_user_service.go:21.9,23.3 1 0
github.com/maithuc2003/Test_GIN_golang/internal/handler/user/mocks/mock_user_service.go:24.2,24.28 1 0
github.com/maithuc2003/Test_GIN_golang/internal/handler/book/mocks/mock_book_service.go:13.63,16.2 2 0
github.com/maithuc2003/Test_GIN_golang/internal/handler/book/mocks/mock_book_service.go:18.64,21.2 2 0
github.com/maithuc2003/Test_GIN_golang/internal/handler/book/book_handler.go:16.76,18.2 1 1
github.com/maithuc2003/Test_GIN_golang/internal/handler/book/book_handler.go:21.57,24.48 2 1
github.com/maithuc2003/Test_GIN_golang/internal/handler/book/book_handler.go:24.48,27.3 2 1
github.com/maithuc2003/Test_GIN_golang/internal/handler/book/book_handler.go:28.2,29.16 2 1
github.com/maithuc2003/Test_GIN_golang/internal/handler/book/book_handler.go:29.16,31.3 1 1
github.com/maithuc2003/Test_GIN_golang/internal/handler/book/book_handler.go:32.2,32.34 1 1
github.com/maithuc2003/Test_GIN_golang/internal/handler/book/book_handler.go:36.58,38.16 2 1
github.com/maithuc2003/Test_GIN_golang/internal/handler/book/book_handler.go:38.16,41.3 2 1
github.com/maithuc2003/Test_GIN_golang/internal/handler/book/book_handler.go:43.2,43.38 1 1
github.com/maithuc2003/Test_GIN_golang/internal/handler/user/user_handler.go:14.76,18.2 1 1
github.com/maithuc2003/Test_GIN_golang/internal/handler/user/user_handler.go:20.53,23.20 2 1
github.com/maithuc2003/Test_GIN_golang/internal/handler/user/user_handler.go:23.20,26.3 2 1
github.com/maithuc2003/Test_GIN_golang/internal/handler/user/user_handler.go:27.2,28.16 2 1
github.com/maithuc2003/Test_GIN_golang/internal/handler/user/user_handler.go:28.16,31.3 2 1
github.com/maithuc2003/Test_GIN_golang/internal/handler/user/user_handler.go:33.2,36.4 1 1
github.com/maithuc2003/Test_GIN_golang/internal/handler/user/user_handler.go:40.49,45.47 2 1
github.com/maithuc2003/Test_GIN_golang/internal/handler/user/user_handler.go:45.47,48.3 2 1
github.com/maithuc2003/Test_GIN_golang/internal/handler/user/user_handler.go:50.2,51.16 2 1
github.com/maithuc2003/Test_GIN_golang/internal/handler/user/user_handler.go:51.16,54.3 2 1
github.com/maithuc2003/Test_GIN_golang/internal/handler/user/user_handler.go:56.2,57.16 2 1
github.com/maithuc2003/Test_GIN_golang/internal/handler/user/user_handler.go:57.16,60.3 2 1
github.com/maithuc2003/Test_GIN_golang/internal/handler/user/user_handler.go:62.2,66.4 1 1
github.com/maithuc2003/Test_GIN_golang/internal/routes/book.go:14.53,26.2 7 0
github.com/maithuc2003/Test_GIN_golang/internal/routes/routes.go:8.43,15.2 4 0
github.com/maithuc2003/Test_GIN_golang/internal/routes/user.go:13.53,22.2 5 0
github.com/maithuc2003/Test_GIN_golang/internal/service/book/mocks/mock_book_repo.go:13.60,16.2 2 0
github.com/maithuc2003/Test_GIN_golang/internal/service/book/mocks/mock_book_repo.go:18.61,21.2 2 0
github.com/maithuc2003/Test_GIN_golang/internal/repositories/user/user_repo.go:13.61,15.2 1 1
github.com/maithuc2003/Test_GIN_golang/internal/repositories/user/user_repo.go:17.73,19.81 2 1
github.com/maithuc2003/Test_GIN_golang/internal/repositories/user/user_repo.go:19.81,21.3 1 1
github.com/maithuc2003/Test_GIN_golang/internal/repositories/user/user_repo.go:22.2,22.19 1 1
github.com/maithuc2003/Test_GIN_golang/internal/repositories/user/user_repo.go:25.86,27.80 2 1
github.com/maithuc2003/Test_GIN_golang/internal/repositories/user/user_repo.go:27.80,29.3 1 1
github.com/maithuc2003/Test_GIN_golang/internal/repositories/user/user_repo.go:30.2,30.19 1 1
github.com/maithuc2003/Test_GIN_golang/internal/repositories/book/book_repo.go:14.61,16.2 1 1
github.com/maithuc2003/Test_GIN_golang/internal/repositories/book/book_repo.go:18.56,20.2 1 1
github.com/maithuc2003/Test_GIN_golang/internal/repositories/book/book_repo.go:22.57,26.2 3 1
github.com/maithuc2003/Test_GIN_golang/internal/middleware/auth.go:12.39,13.30 1 1
github.com/maithuc2003/Test_GIN_golang/internal/middleware/auth.go:13.30,15.68 2 1
github.com/maithuc2003/Test_GIN_golang/internal/middleware/auth.go:15.68,19.4 3 1
github.com/maithuc2003/Test_GIN_golang/internal/middleware/auth.go:22.3,25.80 2 1
github.com/maithuc2003/Test_GIN_golang/internal/middleware/auth.go:25.80,27.55 1 1
github.com/maithuc2003/Test_GIN_golang/internal/middleware/auth.go:27.55,29.5 1 1
github.com/maithuc2003/Test_GIN_golang/internal/middleware/auth.go:30.4,30.35 1 1
github.com/maithuc2003/Test_GIN_golang/internal/middleware/auth.go:33.3,33.33 1 1
github.com/maithuc2003/Test_GIN_golang/internal/middleware/auth.go:33.33,37.4 3 1
github.com/maithuc2003/Test_GIN_golang/internal/middleware/auth.go:39.3,39.68 1 1
github.com/maithuc2003/Test_GIN_golang/internal/middleware/auth.go:39.68,45.46 4 1
github.com/maithuc2003/Test_GIN_golang/internal/middleware/auth.go:45.46,46.24 1 1
github.com/maithuc2003/Test_GIN_golang/internal/middleware/auth.go:46.24,50.6 3 1
github.com/maithuc2003/Test_GIN_golang/internal/middleware/auth.go:53.3,53.11 1 1
github.com/maithuc2003/Test_GIN_golang/internal/service/user/mocks/mock_user_repo.go:12.77,16.2 3 0
github.com/maithuc2003/Test_GIN_golang/internal/service/user/mocks/mock_user_repo.go:18.90,21.9 3 0
github.com/maithuc2003/Test_GIN_golang/internal/service/user/mocks/mock_user_repo.go:21.9,23.3 1 0
github.com/maithuc2003/Test_GIN_golang/internal/service/user/mocks/mock_user_repo.go:24.2,24.28 1 0
github.com/maithuc2003/Test_GIN_golang/internal/service/book/book_service.go:15.72,18.2 1 1
github.com/maithuc2003/Test_GIN_golang/internal/service/book/book_service.go:20.59,21.44 1 1
github.com/maithuc2003/Test_GIN_golang/internal/service/book/book_service.go:21.44,23.3 1 1
github.com/maithuc2003/Test_GIN_golang/internal/service/book/book_service.go:24.2,26.36 3 1
github.com/maithuc2003/Test_GIN_golang/internal/service/book/book_service.go:29.60,31.16 2 1
github.com/maithuc2003/Test_GIN_golang/internal/service/book/book_service.go:31.16,33.3 1 1
github.com/maithuc2003/Test_GIN_golang/internal/service/book/book_service.go:35.2,35.21 1 1
github.com/maithuc2003/Test_GIN_golang/internal/service/book/book_service.go:35.21,37.3 1 1
github.com/maithuc2003/Test_GIN_golang/internal/service/book/book_service.go:39.2,39.19 1 1
github.com/maithuc2003/Test_GIN_golang/pkg/jwt/jwtutil.go:10.31,12.18 2 1
github.com/maithuc2003/Test_GIN_golang/pkg/jwt/jwtutil.go:12.18,15.3 1 1
github.com/maithuc2003/Test_GIN_golang/pkg/jwt/jwtutil.go:16.2,16.23 1 1
github.com/maithuc2003/Test_GIN_golang/pkg/jwt/jwtutil.go:19.25,21.2 1 1
github.com/maithuc2003/Test_GIN_golang/pkg/jwt/jwtutil.go:22.77,34.2 3 1
github.com/maithuc2003/Test_GIN_golang/internal/service/user/user_service.go:15.72,17.2 1 1
github.com/maithuc2003/Test_GIN_golang/internal/service/user/user_service.go:19.76,21.20 1 1
github.com/maithuc2003/Test_GIN_golang/internal/service/user/user_service.go:21.20,23.3 1 1
github.com/maithuc2003/Test_GIN_golang/internal/service/user/user_service.go:25.2,26.16 2 1
github.com/maithuc2003/Test_GIN_golang/internal/service/user/user_service.go:26.16,28.3 1 1
github.com/maithuc2003/Test_GIN_golang/internal/service/user/user_service.go:30.2,30.18 1 1
github.com/maithuc2003/Test_GIN_golang/internal/service/user/user_service.go:33.82,35.16 2 1
github.com/maithuc2003/Test_GIN_golang/internal/service/user/user_service.go:35.16,37.3 1 1
github.com/maithuc2003/Test_GIN_golang/internal/service/user/user_service.go:42.2,44.16 2 1
github.com/maithuc2003/Test_GIN_golang/internal/service/user/user_service.go:44.16,46.3 1 1
github.com/maithuc2003/Test_GIN_golang/internal/service/user/user_service.go:48.2,48.18 1 1
